srcscan starts
srcscan exits with return value 0
iles for SV std libs ===========
INFO: The Verilog library search path for library "std" is now "D:/Vivado/2023.2/data/precomp_hsv/sv/std" (VERI-1509)
INFO: The Verilog library search path for library "uvm" is now "D:/Vivado/2023.2/data/precomp_hsv/sv/uvm" (VERI-1509)
INFO: analyzing module MuxKey (VERI-9002)
INFO: analyzing module MuxKeyInternal (VERI-9002)
C:/Users/KTD/AppData/Local/Temp/VivadoEditorAssist6570078487457350256.tmp(21): INFO: Compiling verilog file "C:/Users/KTD/Desktop/JYD2025_Contest-rv32i-error/digital_twin.srcs/sources_1/imports/new/defines.sv" included at line 21. (VERI-9003)
C:/Users/KTD/AppData/Local/Temp/VivadoEditorAssist6570078487457350256.tmp(21): INFO: back to file 'C:/Users/KTD/AppData/Local/Temp/VivadoEditorAssist6570078487457350256.tmp' (VERI-2320)
INFO: analyzing module ACTL (VERI-9002)
INFO: analyzing module ALU (VERI-9002)
INFO: analyzing module CCTL (VERI-9002)
INFO: analyzing module CSR (VERI-9002)
C:/Users/KTD/AppData/Local/Temp/VivadoEditorAssist15709883786030434307.tmp(21): INFO: Compiling verilog file "C:/Users/KTD/Desktop/JYD2025_Contest-rv32i-error/digital_twin.srcs/sources_1/imports/new/defines.sv" included at line 21. (VERI-9003)
C:/Users/KTD/AppData/Local/Temp/VivadoEditorAssist15709883786030434307.tmp(21): INFO: back to file 'C:/Users/KTD/AppData/Local/Temp/VivadoEditorAssist15709883786030434307.tmp' (VERI-2320)
INFO: analyzing module Control (VERI-9002)
C:/Users/KTD/Desktop/JYD2025_Contest-rv32i-error/digital_twin.srcs/sources_1/imports/new/IMMGEN.sv(21): INFO: Compiling verilog file "C:/Users/KTD/Desktop/JYD2025_Contest-rv32i-error/digital_twin.srcs/sources_1/imports/new/defines.sv" included at line 21. (VERI-9003)
C:/Users/KTD/Desktop/JYD2025_Contest-rv32i-error/digital_twin.srcs/sources_1/imports/new/IMMGEN.sv(21): INFO: back to file 'C:/Users/KTD/Desktop/JYD2025_Contest-rv32i-error/digital_twin.srcs/sources_1/imports/new/IMMGEN.sv' (VERI-2320)
INFO: analyzing module IMMGEN (VERI-9002)
INFO: analyzing module Mask (VERI-9002)
INFO: analyzing module NPC (VERI-9002)
INFO: analyzing module PC (VERI-9002)
INFO: analyzing module RF (VERI-9002)
INFO: analyzing module counter (VERI-9002)
INFO: analyzing module display_seg (VERI-9002)
INFO: analyzing module dram_driver (VERI-9002)
INFO: analyzing module myCPU (VERI-9002)
INFO: analyzing module perip_bridge (VERI-9002)
INFO: analyzing module seg7 (VERI-9002)
INFO: analyzing module student_top (VERI-9002)
INFO: analyzing module twin_controller (VERI-9002)
INFO: analyzing module uart (VERI-9002)
INFO: analyzing module top (VERI-9002)
INFO: analyzing module MuxKey (VERI-9002)
C:/Users/KTD/Desktop/JYD2025_Contest-rv32i-error/digital_twin.srcs/sources_1/imports/new/MuxKey.v(1): WARNING: overwriting previous definition of module 'MuxKey' (VERI-1206)
INFO: analyzing module MuxKeyInternal (VERI-9002)
C:/Users/KTD/Desktop/JYD2025_Contest-rv32i-error/digital_twin.srcs/sources_1/imports/new/MuxKeyInternal.v(1): WARNING: overwriting previous definition of module 'MuxKeyInternal' (VERI-1206)
C:/Users/KTD/AppData/Local/Temp/VivadoEditorAssist6570078487457350256.tmp(21): INFO: Compiling verilog file "C:/Users/KTD/Desktop/JYD2025_Contest-rv32i-error/digital_twin.srcs/sources_1/imports/new/defines.sv" included at line 21. (VERI-9003)
C:/Users/KTD/AppData/Local/Temp/VivadoEditorAssist6570078487457350256.tmp(21): INFO: back to file 'C:/Users/KTD/AppData/Local/Temp/VivadoEditorAssist6570078487457350256.tmp' (VERI-2320)
INFO: analyzing module ACTL (VERI-9002)
C:/Users/KTD/AppData/Local/Temp/VivadoEditorAssist6570078487457350256.tmp(23): WARNING: overwriting previous definition of module 'ACTL' (VERI-1206)
INFO: analyzing module ALU (VERI-9002)
C:/Users/KTD/AppData/Local/Temp/VivadoEditorAssist2525468463280924579.tmp(22): WARNING: overwriting previous definition of module 'ALU' (VERI-1206)
INFO: analyzing module CCTL (VERI-9002)
C:/Users/KTD/Desktop/JYD2025_Contest-rv32i-error/digital_twin.srcs/sources_1/imports/new/CCTL.sv(1): WARNING: overwriting previous definition of module 'CCTL' (VERI-1206)
INFO: analyzing module CSR (VERI-9002)
C:/Users/KTD/Desktop/JYD2025_Contest-rv32i-error/digital_twin.srcs/sources_1/imports/new/CSR.sv(1): WARNING: overwriting previous definition of module 'CSR' (VERI-1206)
C:/Users/KTD/AppData/Local/Temp/VivadoEditorAssist15709883786030434307.tmp(21): INFO: Compiling verilog file "C:/Users/KTD/Desktop/JYD2025_Contest-rv32i-error/digital_twin.srcs/sources_1/imports/new/defines.sv" included at line 21. (VERI-9003)
C:/Users/KTD/AppData/Local/Temp/VivadoEditorAssist15709883786030434307.tmp(21): INFO: back to file 'C:/Users/KTD/AppData/Local/Temp/VivadoEditorAssist15709883786030434307.tmp' (VERI-2320)
INFO: analyzing module Control (VERI-9002)
C:/Users/KTD/AppData/Local/Temp/VivadoEditorAssist15709883786030434307.tmp(23): WARNING: overwriting previous definition of module 'Control' (VERI-1206)
C:/Users/KTD/Desktop/JYD2025_Contest-rv32i-error/digital_twin.srcs/sources_1/imports/new/IMMGEN.sv(21): INFO: Compiling verilog file "C:/Users/KTD/Desktop/JYD2025_Contest-rv32i-error/digital_twin.srcs/sources_1/imports/new/defines.sv" included at line 21. (VERI-9003)
C:/Users/KTD/Desktop/JYD2025_Contest-rv32i-error/digital_twin.srcs/sources_1/imports/new/IMMGEN.sv(21): INFO: back to file 'C:/Users/KTD/Desktop/JYD2025_Contest-rv32i-error/digital_twin.srcs/sources_1/imports/new/IMMGEN.sv' (VERI-2320)
INFO: analyzing module IMMGEN (VERI-9002)
C:/Users/KTD/Desktop/JYD2025_Contest-rv32i-error/digital_twin.srcs/sources_1/imports/new/IMMGEN.sv(23): WARNING: overwriting previous definition of module 'IMMGEN' (VERI-1206)
INFO: analyzing module Mask (VERI-9002)
C:/Users/KTD/Desktop/JYD2025_Contest-rv32i-error/digital_twin.srcs/sources_1/imports/new/Mask.sv(1): WARNING: overwriting previous definition of module 'Mask' (VERI-1206)
INFO: analyzing module NPC (VERI-9002)
C:/Users/KTD/Desktop/JYD2025_Contest-rv32i-error/digital_twin.srcs/sources_1/imports/new/NPC.sv(22): WARNING: overwriting previous definition of module 'NPC' (VERI-1206)
INFO: analyzing module PC (VERI-9002)
C:/Users/KTD/Desktop/JYD2025_Contest-rv32i-error/digital_twin.srcs/sources_1/imports/new/PC.sv(22): WARNING: overwriting previous definition of module 'PC' (VERI-1206)
INFO: analyzing module RF (VERI-9002)
C:/Users/KTD/Desktop/JYD2025_Contest-rv32i-error/digital_twin.srcs/sources_1/imports/new/RF.sv(22): WARNING: overwriting previous definition of module 'RF' (VERI-1206)
INFO: analyzing module counter (VERI-9002)
C:/Users/KTD/Desktop/JYD2025_Contest-rv32i-error/digital_twin.srcs/sources_1/new/counter.sv(23): WARNING: overwriting previous definition of module 'counter' (VERI-1206)
INFO: analyzing module display_seg (VERI-9002)
C:/Users/KTD/Desktop/JYD2025_Contest-rv32i-error/digital_twin.srcs/sources_1/new/display_seg.sv(23): WARNING: overwriting previous definition of module 'display_seg' (VERI-1206)
INFO: analyzing module dram_driver (VERI-9002)
C:/Users/KTD/AppData/Local/Temp/VivadoEditorAssist13443542966643564761.tmp(23): WARNING: overwriting previous definition of module 'dram_driver' (VERI-1206)
INFO: analyzing module myCPU (VERI-9002)
C:/Users/KTD/AppData/Local/Temp/VivadoEditorAssist10858970554031421427.tmp(22): WARNING: overwriting previous definition of module 'myCPU' (VERI-1206)
INFO: analyzing module perip_bridge (VERI-9002)
C:/Users/KTD/AppData/Local/Temp/VivadoEditorAssist16918345432340401338.tmp(22): WARNING: overwriting previous definition of module 'perip_bridge' (VERI-1206)
INFO: analyzing module seg7 (VERI-9002)
C:/Users/KTD/Desktop/JYD2025_Contest-rv32i-error/digital_twin.srcs/sources_1/new/seg7.sv(23): WARNING: overwriting previous definition of module 'seg7' (VERI-1206)
INFO: analyzing module student_top (VERI-9002)
C:/Users/KTD/AppData/Local/Temp/VivadoEditorAssist600533403852696782.tmp(23): WARNING: overwriting previous definition of module 'student_top' (VERI-1206)
INFO: analyzing module twin_controller (VERI-9002)
C:/Users/KTD/Desktop/JYD2025_Contest-rv32i-error/digital_twin.srcs/sources_1/new/twin_controller.sv(23): WARNING: overwriting previous definition of module 'twin_controller' (VERI-1206)
INFO: analyzing module uart (VERI-9002)
C:/Users/KTD/Desktop/JYD2025_Contest-rv32i-error/digital_twin.srcs/sources_1/new/uart.sv(22): WARNING: overwriting previous definition of module 'uart' (VERI-1206)
INFO: analyzing module top (VERI-9002)
C:/Users/KTD/Desktop/JYD2025_Contest-rv32i-error/digital_twin.srcs/sources_1/new/top.sv(23): WARNING: overwriting previous definition of module 'top' (VERI-1206)
srcscan exits with return value 0
